<?xml version="1.0" encoding="UTF-8"?>
<!-- Generated by org.testng.reporters.JUnitReportReporter -->
<testsuite hostname="WINDOWS-CSN1KR0" failures="0" tests="8" name="org.inmakestest.FirstTest" time="4.544" errors="0" timestamp="2023-02-11T14:11:12 IST" skipped="0">
  <testcase classname="org.inmakestest.FirstTest" name="tc5" time="0.641"/>
  <system-out/>
  <testcase classname="org.inmakestest.FirstTest" name="endmethod" time="0.075"/>
  <system-out/>
  <testcase classname="org.inmakestest.FirstTest" name="tc1" time="0.574"/>
  <system-out/>
  <testcase classname="org.inmakestest.FirstTest" name="tc2" time="0.731"/>
  <system-out/>
  <testcase classname="org.inmakestest.FirstTest" name="startdate" time="0.014"/>
  <system-out/>
  <testcase classname="org.inmakestest.FirstTest" name="tc3" time="0.600"/>
  <system-out/>
  <testcase classname="org.inmakestest.FirstTest" name="tc4" time="0.606"/>
  <system-out/>
  <testcase classname="org.inmakestest.FirstTest" name="tc6" time="1.303"/>
  <system-out/>
</testsuite> <!-- org.inmakestest.FirstTest -->
